<?xml version="1.0" encoding="UTF-8"?>
<testsuite xmlns:xsi="http://www.w3.org/2001/XMLSchema-instance" xsi:noNamespaceSchemaLocation="https://maven.apache.org/surefire/maven-surefire-plugin/xsd/surefire-test-report.xsd" version="3.0.2" name="edu.dosw.lab.DOSW_Laboratorio3_3_M_H_N.DoswLaboratorio33MHNApplicationTests" time="3.318" tests="1" errors="0" skipped="0" failures="0" flakes="0">
  <properties>
[...]
</properties>
  <testcase name="contextLoads" classname="edu.dosw.lab.DOSW_Laboratorio3_3_M_H_N.DoswLaboratorio33MHNApplicationTests" time="1.207">
    <system-out><![CDATA[10:37:03.963 [main] INFO org.springframework.test.context.support.AnnotationConfigContextLoaderUtils -- Could not detect default configuration classes for test class [edu.dosw.lab.DOSW_Laboratorio3_3_M_H_N.DoswLaboratorio33MHNApplicationTests]: DoswLaboratorio33MHNApplicationTests does not declare any static, non-private, non-final, nested classes annotated with @Configuration.
10:37:04.170 [main] INFO org.springframework.boot.test.context.SpringBootTestContextBootstrapper -- Found @SpringBootConfiguration edu.dosw.lab.DOSW_Laboratorio3_3_M_H_N.DoswLaboratorio33MHNApplication for test class edu.dosw.lab.DOSW_Laboratorio3_3_M_H_N.DoswLaboratorio33MHNApplicationTests
10:37:04.338 [main] INFO org.springframework.test.context.support.AnnotationConfigContextLoaderUtils -- Could not detect default configuration classes for test class [edu.dosw.lab.DOSW_Laboratorio3_3_M_H_N.DoswLaboratorio33MHNApplicationTests]: DoswLaboratorio33MHNApplicationTests does not declare any static, non-private, non-final, nested classes annotated with @Configuration.
10:37:04.341 [main] INFO org.springframework.boot.test.context.SpringBootTestContextBootstrapper -- Found @SpringBootConfiguration edu.dosw.lab.DOSW_Laboratorio3_3_M_H_N.DoswLaboratorio33MHNApplication for test class edu.dosw.lab.DOSW_Laboratorio3_3_M_H_N.DoswLaboratorio33MHNApplicationTests

  .   ____          _            __ _ _
 /\\ / ___'_ __ _ _(_)_ __  __ _ \ \ \ \
( ( )\___ | '_ | '_| | '_ \/ _` | \ \ \ \
 \\/  ___)| |_)| | | | | || (_| |  ) ) ) )
  '  |____| .__|_| |_|_| |_\__, | / / / /
 =========|_|==============|___/=/_/_/_/

 :: Spring Boot ::                (v4.1.0)

2026-06-20T10:37:04.982-05:00  INFO 10168 --- [DOSW-Laboratorio3_3_M_H_N] [           main] l.D.DoswLaboratorio33MHNApplicationTests : Starting DoswLaboratorio33MHNApplicationTests using Java 26.0.1 with PID 10168 (started by USER in C:\Users\USER\DOSW_LABORATORIO_3_Hever_Barrera_Nicolas_Prieto_Mabel_Bernal)
2026-06-20T10:37:04.986-05:00  INFO 10168 --- [DOSW-Laboratorio3_3_M_H_N] [           main] l.D.DoswLaboratorio33MHNApplicationTests : No active profile set, falling back to 1 default profile: "default"
2026-06-20T10:37:05.685-05:00  INFO 10168 --- [DOSW-Laboratorio3_3_M_H_N] [           main] l.D.DoswLaboratorio33MHNApplicationTests : Started DoswLaboratorio33MHNApplicationTests in 1.243 seconds (process running for 3.388)
]]></system-out>
    <system-err><![CDATA[Mockito is currently self-attaching to enable the inline-mock-maker. This will no longer work in future releases of the JDK. Please add Mockito as an agent to your build as described in Mockito's documentation: https://javadoc.io/doc/org.mockito/mockito-core/latest/org.mockito/org/mockito/Mockito.html#0.3
WARNING: A Java agent has been loaded dynamically (C:\Users\USER\.m2\repository\net\bytebuddy\byte-buddy-agent\1.18.10\byte-buddy-agent-1.18.10.jar)
WARNING: If a serviceability tool is in use, please run with -XX:+EnableDynamicAgentLoading to hide this warning
WARNING: If a serviceability tool is not in use, please run with -Djdk.instrument.traceUsage for more information
WARNING: Dynamic loading of agents will be disallowed by default in a future release
]]></system-err>
  </testcase>
</testsuite>